TN:
SF:js\index.js
FN:2,AddItemForm
FN:8,createDOM
FN:83,createElement
FN:89,getElement
FNF:4
FNH:3
FNDA:2,AddItemForm
FNDA:2,createDOM
FNDA:24,createElement
FNDA:0,getElement
DA:1,1
DA:2,1
DA:3,2
DA:4,2
DA:5,2
DA:6,2
DA:7,2
DA:8,1
DA:9,2
DA:10,2
DA:11,2
DA:12,2
DA:13,2
DA:14,2
DA:15,2
DA:16,2
DA:17,2
DA:18,2
DA:19,2
DA:20,2
DA:21,2
DA:22,2
DA:23,2
DA:24,2
DA:25,2
DA:26,2
DA:27,2
DA:28,2
DA:29,2
DA:30,2
DA:31,2
DA:32,2
DA:33,2
DA:34,2
DA:35,2
DA:36,2
DA:37,2
DA:38,2
DA:39,2
DA:40,2
DA:41,2
DA:42,2
DA:43,2
DA:44,2
DA:45,2
DA:46,2
DA:47,2
DA:48,2
DA:49,2
DA:50,2
DA:51,2
DA:52,2
DA:53,2
DA:54,0
DA:55,0
DA:56,0
DA:57,0
DA:58,0
DA:59,0
DA:60,0
DA:61,0
DA:62,0
DA:63,0
DA:64,0
DA:65,0
DA:66,0
DA:67,0
DA:68,0
DA:69,0
DA:70,0
DA:71,0
DA:72,0
DA:73,0
DA:74,0
DA:75,0
DA:76,0
DA:77,0
DA:78,0
DA:79,2
DA:80,2
DA:81,2
DA:82,2
DA:83,1
DA:84,24
DA:85,24
DA:86,24
DA:87,24
DA:88,24
DA:89,1
DA:90,0
DA:91,0
DA:92,0
DA:93,1
DA:94,1
LF:94
LH:66
BRDA:2,0,0,2
BRDA:8,1,0,2
BRDA:83,2,0,24
BRDA:86,3,0,10
BRF:4
BRH:4
end_of_record
